<?xml version="1.0" encoding="UTF-8"?>
<!-- Generated by org.testng.reporters.JUnitReportReporter -->
<testsuite hostname="IN3165068W1" failures="0" tests="11" name="Testcases" time="100.751" errors="0" timestamp="2023-01-31T13:45:14 IST" skipped="1">
  <testcase classname="Testcases" name="Login" time="21.363">
    <skipped/>
  </testcase> <!-- Login -->
  <system-out>
    <![CDATA[TestCase started.... Login
Clicking on the login element in the main page
Entering the email/Mobile
Clicking Continue button
TestCase skipped.... Login]]>
  </system-out>
  <testcase classname="Testcases" name="Login" time="22.474"/>
  <system-out>
    <![CDATA[TestCase started.... Login
Clicking on the login element in the main page
Entering the email/Mobile
Clicking Continue button
entering the password
Clicking login button
Logged in successfully and Welcome message verified
TestCase Passed..... Login]]>
  </system-out>
  <testcase classname="Testcases" name="searchItem" time="3.013"/>
  <system-out>
    <![CDATA[TestCase started.... searchItem
Searching Apple iphone by entering text in Search box 
Clicking on search Icon 
Clicking on search Item 
Verifying search item displayed on screen
TestCase Passed..... searchItem]]>
  </system-out>
  <testcase classname="Testcases" name="addToCart" time="5.347"/>
  <system-out>
    <![CDATA[TestCase started.... addToCart
Clicking on add To cart Button 
Verifying addToCart button displayed on screen
TestCase Passed..... addToCart]]>
  </system-out>
  <testcase classname="Testcases" name="checkOut" time="2.922"/>
  <system-out>
    <![CDATA[TestCase started.... checkOut
Verifying checkOut button displayed on screen
Clicking on checkOut Button 
TestCase Passed..... checkOut]]>
  </system-out>
  <testcase classname="Testcases" name="verifyCartProductSameAsSelected" time="3.287"/>
  <system-out>
    <![CDATA[TestCase started.... verifyCartProductSameAsSelected
Verifying cart item name same as selected
TestCase Passed..... verifyCartProductSameAsSelected]]>
  </system-out>
  <testcase classname="Testcases" name="addMultipleItemsSameProduct" time="13.277"/>
  <system-out>
    <![CDATA[TestCase started.... addMultipleItemsSameProduct
Apple iphone added to the cart
Apple iphone added to the cart again
Verifying Apple iphone quantity is greater than 1
TestCase Passed..... addMultipleItemsSameProduct]]>
  </system-out>
  <testcase classname="Testcases" name="editQuantityOfProduct" time="0.271"/>
  <system-out>
    <![CDATA[TestCase started.... editQuantityOfProduct
Quantity of Apple iphone changed
Verifying Apple iphone quantity is changed to 4
TestCase Passed..... editQuantityOfProduct]]>
  </system-out>
  <testcase classname="Testcases" name="addMultipleItemsDifferentProduct" time="14.459"/>
  <system-out>
    <![CDATA[TestCase started.... addMultipleItemsDifferentProduct
Searching Lenovo 600
Lenovo 600 added to the cart
Verifying Apple iphone present in the cart
Verifying Lenovo 600 present in the cart
TestCase Passed..... addMultipleItemsDifferentProduct]]>
  </system-out>
  <testcase classname="Testcases" name="DeleteMultipleItemsDifferentProduct" time="1.308"/>
  <system-out>
    <![CDATA[TestCase started.... DeleteMultipleItemsDifferentProduct
Clicking on delete button for Lenovo 600
Verifying Lenovo 600 removed from the cart
Clicking on delete button for Apple iphone
Verifying Apple iPhone 13 removed from cart
TestCase Passed..... DeleteMultipleItemsDifferentProduct]]>
  </system-out>
  <testcase classname="Testcases" name="deleteSingleItem" time="13.030"/>
  <system-out>
    <![CDATA[TestCase started.... deleteSingleItem
Clicking on delete button for Apple iphone
Verifying Apple iPhone 13 removed from cart
TestCase Passed..... deleteSingleItem]]>
  </system-out>
</testsuite> <!-- Testcases -->
